
*** Running vivado
    with args -log uart_ila.vds -m64 -product Vivado -mode batch -messageDb vivado.pb -notrace -source uart_ila.tcl


ECHO is off.
ECHO is off.

****** Vivado v2023.2 (64-bit)
  **** SW Build 4029153 on Fri Oct 13 20:14:34 MDT 2023
  **** IP Build 4028589 on Sat Oct 14 00:45:43 MDT 2023
  **** SharedData Build 4025554 on Tue Oct 10 17:18:54 MDT 2023
    ** Copyright 1986-2022 Xilinx, Inc. All Rights Reserved.
    ** Copyright 2022-2023 Advanced Micro Devices, Inc. All Rights Reserved.

source uart_ila.tcl -notrace
create_project: Time (s): cpu = 00:00:21 ; elapsed = 00:00:26 . Memory (MB): peak = 520.703 ; gain = 215.105
INFO: [IP_Flow 19-6924] IPCACHE: Running cache check for IP inst: uart_ila
Command: synth_design -top uart_ila -part xc7z010clg400-1 -incremental_mode off -mode out_of_context
Starting synth_design
Attempting to get a license for feature 'Synthesis' and/or device 'xc7z010'
INFO: [Common 17-349] Got license for feature 'Synthesis' and/or device 'xc7z010'
INFO: [Device 21-403] Loading part xc7z010clg400-1
INFO: [Synth 8-7079] Multithreading enabled for synth_design using a maximum of 2 processes.
INFO: [Synth 8-7078] Launching helper process for spawning children vivado processes
INFO: [Synth 8-7075] Helper process launched with PID 13844
---------------------------------------------------------------------------------
TclStackFree: incorrect freePtr. Call out of sequence?
